Build started 2016-03-17 17:28:09.
     1>Project "C:\Users\Pandamonium\Documents\Visual Studio 2013\Projects\Boids\Boids\Boids.vcxproj" on node 2 (Build target(s)).
     1>ClCompile:
         C:\Program Files (x86)\Microsoft Visual Studio 12.0\VC\bin\CL.exe /c /I"C:\Users\Pandamonium\Documents\Visual Studio 2013\Projects\Boids\SFML-2.3.2\include" /ZI /nologo /W3 /WX- /sdl /Od /Oy- /D _MBCS /Gm /EHsc /RTC1 /MDd /GS /fp:precise /Zc:wchar_t /Zc:forScope /Fo"Debug\\" /Fd"Debug\vc120.pdb" /Gd /TP /analyze- /errorReport:prompt Boid.cpp
         Boid.cpp
       Link:
         C:\Program Files (x86)\Microsoft Visual Studio 12.0\VC\bin\link.exe /ERRORREPORT:PROMPT /OUT:"C:\Users\Pandamonium\Documents\Visual Studio 2013\Projects\Boids\Debug\Boids.exe" /INCREMENTAL /NOLOGO /LIBPATH:"C:\Users\Pandamonium\Documents\Visual Studio 2013\Projects\Boids\SFML-2.3.2\lib" "sfml-audio-d.lib" "sfml-system-d.lib" "sfml-window-d.lib" "sfml-graphics-d.lib" kernel32.lib user32.lib gdi32.lib winspool.lib comdlg32.lib advapi32.lib shell32.lib ole32.lib oleaut32.lib uuid.lib odbc32.lib odbccp32.lib /MANIFEST /MANIFESTUAC:"level='asInvoker' uiAccess='false'" /manifest:embed /DEBUG /PDB:"C:\Users\Pandamonium\Documents\Visual Studio 2013\Projects\Boids\Debug\Boids.pdb" /TLBID:1 /DYNAMICBASE /NXCOMPAT /IMPLIB:"C:\Users\Pandamonium\Documents\Visual Studio 2013\Projects\Boids\Debug\Boids.lib" /MACHINE:X86 Debug\Alignment.obj
         Debug\Approach.obj
         Debug\Arrive.obj
         Debug\Boid.obj
         Debug\BoidMagnet.obj
         Debug\Cohesion.obj
         Debug\Game.obj
         Debug\GameObject.obj
         Debug\main.obj
         Debug\Pursuit.obj
         Debug\Separation.obj
         Debug\SteeringBehaviour.obj
         Debug\Utility.obj
         Debug\Wander.obj
     1>LINK : fatal error LNK1201: error writing to program database 'C:\Users\Pandamonium\Documents\Visual Studio 2013\Projects\Boids\Debug\Boids.pdb'; check for insufficient disk space, invalid path, or insufficient privilege
     1>Done Building Project "C:\Users\Pandamonium\Documents\Visual Studio 2013\Projects\Boids\Boids\Boids.vcxproj" (Build target(s)) -- FAILED.

Build FAILED.

Time Elapsed 00:00:00.57
